<?xml version="1.0" encoding="UTF-8"?>
<!-- Generated by org.testng.reporters.JUnitReportReporter -->
<testsuite hostname="DESKTOP-D1SRNT3" failures="0" tests="1" name="demo.TC_01" time="18.780" errors="0" timestamp="2021-12-13T22:23:29 IST" skipped="0">
  <testcase classname="demo.TC_01" name="test_post" time="18.780"/>
  <system-out/>
</testsuite> <!-- demo.TC_01 -->
