<?xml version="1.0" encoding="UTF-8"?>
<!-- Generated by org.testng.reporters.JUnitReportReporter -->
<testsuite hostname="DESKTOP-D1SRNT3" failures="0" tests="1" name="demo.Tests_GET" time="21.995" errors="0" timestamp="2021-12-13T22:24:13 IST" skipped="0">
  <testcase classname="demo.Tests_GET" name="test_3" time="21.995"/>
  <system-out/>
</testsuite> <!-- demo.Tests_GET -->
