<?xml version="1.0" encoding="UTF-8"?>
<!-- Generated by org.testng.reporters.JUnitReportReporter -->
<testsuite hostname="DESKTOP-D1SRNT3" failures="0" tests="1" name="TC03_GET" time="7.848" errors="0" timestamp="2021-12-15T12:24:16 IST" skipped="0">
  <testcase classname="TC03_GET" name="test01" time="7.848"/>
  <system-out/>
</testsuite> <!-- TC03_GET -->
