<?xml version="1.0" encoding="UTF-8"?>
<!-- Generated by org.testng.reporters.JUnitReportReporter -->
<testsuite hostname="DESKTOP-D1SRNT3" failures="0" tests="1" name="demo.Tests_POST" time="14.906" errors="0" timestamp="2021-12-13T22:24:55 IST" skipped="0">
  <testcase classname="demo.Tests_POST" name="test_4_delete" time="14.906"/>
  <system-out/>
</testsuite> <!-- demo.Tests_POST -->
